2020-12-20 15:47:31 ERROR (SyncWorker_0) [homeassistant.util.yaml] YAML file /Users/thomasnicholson25/.homeassistant/zones.yaml contains duplicate key "name". Check lines 0 and 7.
2020-12-20 15:47:31 ERROR (SyncWorker_0) [homeassistant.util.yaml] YAML file /Users/thomasnicholson25/.homeassistant/zones.yaml contains duplicate key "latitude". Check lines 1 and 8.
2020-12-20 15:47:31 ERROR (SyncWorker_0) [homeassistant.util.yaml] YAML file /Users/thomasnicholson25/.homeassistant/zones.yaml contains duplicate key "longitude". Check lines 2 and 9.
2020-12-20 15:47:31 ERROR (SyncWorker_0) [homeassistant.util.yaml] YAML file /Users/thomasnicholson25/.homeassistant/zones.yaml contains duplicate key "radius". Check lines 3 and 10.
2020-12-20 15:47:31 ERROR (SyncWorker_0) [homeassistant.util.yaml] YAML file /Users/thomasnicholson25/.homeassistant/zones.yaml contains duplicate key "icon". Check lines 4 and 11.
2020-12-20 15:47:31 ERROR (Recorder) [homeassistant.components.recorder] Error during connection setup: (sqlite3.DatabaseError) database disk image is malformed
(Background on this error at: http://sqlalche.me/e/4xp6) (retrying in 3 seconds)
2020-12-20 15:47:34 ERROR (Recorder) [homeassistant.components.recorder] Error during connection setup: (sqlite3.DatabaseError) database disk image is malformed
(Background on this error at: http://sqlalche.me/e/4xp6) (retrying in 3 seconds)
2020-12-20 15:47:37 ERROR (Recorder) [homeassistant.components.recorder] Error during connection setup: (sqlite3.DatabaseError) database disk image is malformed
(Background on this error at: http://sqlalche.me/e/4xp6) (retrying in 3 seconds)
2020-12-20 15:47:40 ERROR (Recorder) [homeassistant.components.recorder] Error during connection setup: (sqlite3.DatabaseError) database disk image is malformed
(Background on this error at: http://sqlalche.me/e/4xp6) (retrying in 3 seconds)
2020-12-20 15:47:41 WARNING (MainThread) [homeassistant.setup] Setup of recorder is taking over 10 seconds.
2020-12-20 15:47:43 ERROR (Recorder) [homeassistant.components.recorder] Error during connection setup: (sqlite3.DatabaseError) database disk image is malformed
(Background on this error at: http://sqlalche.me/e/4xp6) (retrying in 3 seconds)
2020-12-20 15:47:46 ERROR (Recorder) [homeassistant.components.recorder] Error during connection setup: (sqlite3.DatabaseError) database disk image is malformed
(Background on this error at: http://sqlalche.me/e/4xp6) (retrying in 3 seconds)
2020-12-20 15:47:49 ERROR (Recorder) [homeassistant.components.recorder] Error during connection setup: (sqlite3.DatabaseError) database disk image is malformed
(Background on this error at: http://sqlalche.me/e/4xp6) (retrying in 3 seconds)
2020-12-20 15:47:52 ERROR (Recorder) [homeassistant.components.recorder] Error during connection setup: (sqlite3.DatabaseError) database disk image is malformed
(Background on this error at: http://sqlalche.me/e/4xp6) (retrying in 3 seconds)
2020-12-20 15:47:55 ERROR (Recorder) [homeassistant.components.recorder] Error during connection setup: (sqlite3.DatabaseError) database disk image is malformed
(Background on this error at: http://sqlalche.me/e/4xp6) (retrying in 3 seconds)
2020-12-20 15:47:58 ERROR (Recorder) [homeassistant.components.recorder] Error during connection setup: (sqlite3.DatabaseError) database disk image is malformed
(Background on this error at: http://sqlalche.me/e/4xp6) (retrying in 3 seconds)
2020-12-20 15:47:58 ERROR (MainThread) [homeassistant.setup] Setup failed for recorder: Component failed to initialize.
2020-12-20 15:47:59 ERROR (MainThread) [homeassistant.setup] Unable to set up dependencies of history. Setup failed for dependencies: recorder
2020-12-20 15:47:59 ERROR (MainThread) [homeassistant.setup] Setup failed for history: Could not set up all dependencies.
2020-12-20 15:48:00 ERROR (MainThread) [homeassistant.setup] Unable to set up dependencies of logbook. Setup failed for dependencies: recorder
2020-12-20 15:48:00 ERROR (MainThread) [homeassistant.setup] Setup failed for logbook: Could not set up all dependencies.
2020-12-20 15:48:00 ERROR (MainThread) [homeassistant.setup] Unable to set up dependencies of default_config. Setup failed for dependencies: history, logbook
2020-12-20 15:48:00 ERROR (MainThread) [homeassistant.setup] Setup failed for default_config: Could not set up all dependencies.
2020-12-20 15:48:01 ERROR (MainThread) [homeassistant.components.yr.sensor] Retrying in 20 minutes: https://aa015h6buqvih86i1.api.met.no/weatherapi/locationforecast/1.9/?lat=-45.871439&lon=170.5000008&msl=0 returned 203
2020-12-20 15:48:15 ERROR (MainThread) [homeassistant.core] Error doing job: SSL handshake failed on verifying the certificate
Traceback (most recent call last):
  File "/Library/Frameworks/Python.framework/Versions/3.7/lib/python3.7/asyncio/sslproto.py", line 625, in _on_handshake_complete
    raise handshake_exc
  File "/Library/Frameworks/Python.framework/Versions/3.7/lib/python3.7/asyncio/sslproto.py", line 189, in feed_ssldata
    self._sslobj.do_handshake()
  File "/Library/Frameworks/Python.framework/Versions/3.7/lib/python3.7/ssl.py", line 763, in do_handshake
    self._sslobj.do_handshake()
ssl.SSLCertVerificationError: [SSL: CERTIFICATE_VERIFY_FAILED] certificate verify failed: unable to get local issuer certificate (_ssl.c:1056)
2020-12-20 15:48:15 ERROR (MainThread) [homeassistant.core] Error doing job: SSL error in data received
Traceback (most recent call last):
  File "/Library/Frameworks/Python.framework/Versions/3.7/lib/python3.7/asyncio/sslproto.py", line 526, in data_received
    ssldata, appdata = self._sslpipe.feed_ssldata(data)
  File "/Library/Frameworks/Python.framework/Versions/3.7/lib/python3.7/asyncio/sslproto.py", line 189, in feed_ssldata
    self._sslobj.do_handshake()
  File "/Library/Frameworks/Python.framework/Versions/3.7/lib/python3.7/ssl.py", line 763, in do_handshake
    self._sslobj.do_handshake()
ssl.SSLCertVerificationError: [SSL: CERTIFICATE_VERIFY_FAILED] certificate verify failed: unable to get local issuer certificate (_ssl.c:1056)
2020-12-20 15:48:15 ERROR (MainThread) [homeassistant.core] Error doing job: SSL handshake failed on verifying the certificate
Traceback (most recent call last):
  File "/Library/Frameworks/Python.framework/Versions/3.7/lib/python3.7/asyncio/sslproto.py", line 625, in _on_handshake_complete
    raise handshake_exc
  File "/Library/Frameworks/Python.framework/Versions/3.7/lib/python3.7/asyncio/sslproto.py", line 189, in feed_ssldata
    self._sslobj.do_handshake()
  File "/Library/Frameworks/Python.framework/Versions/3.7/lib/python3.7/ssl.py", line 763, in do_handshake
    self._sslobj.do_handshake()
ssl.SSLCertVerificationError: [SSL: CERTIFICATE_VERIFY_FAILED] certificate verify failed: unable to get local issuer certificate (_ssl.c:1056)
2020-12-20 15:48:15 ERROR (MainThread) [homeassistant.core] Error doing job: SSL error in data received
Traceback (most recent call last):
  File "/Library/Frameworks/Python.framework/Versions/3.7/lib/python3.7/asyncio/sslproto.py", line 526, in data_received
    ssldata, appdata = self._sslpipe.feed_ssldata(data)
  File "/Library/Frameworks/Python.framework/Versions/3.7/lib/python3.7/asyncio/sslproto.py", line 189, in feed_ssldata
    self._sslobj.do_handshake()
  File "/Library/Frameworks/Python.framework/Versions/3.7/lib/python3.7/ssl.py", line 763, in do_handshake
    self._sslobj.do_handshake()
ssl.SSLCertVerificationError: [SSL: CERTIFICATE_VERIFY_FAILED] certificate verify failed: unable to get local issuer certificate (_ssl.c:1056)
2020-12-20 15:48:15 ERROR (MainThread) [homeassistant.core] Error doing job: SSL handshake failed on verifying the certificate
Traceback (most recent call last):
  File "/Library/Frameworks/Python.framework/Versions/3.7/lib/python3.7/asyncio/sslproto.py", line 625, in _on_handshake_complete
    raise handshake_exc
  File "/Library/Frameworks/Python.framework/Versions/3.7/lib/python3.7/asyncio/sslproto.py", line 189, in feed_ssldata
    self._sslobj.do_handshake()
  File "/Library/Frameworks/Python.framework/Versions/3.7/lib/python3.7/ssl.py", line 763, in do_handshake
    self._sslobj.do_handshake()
ssl.SSLCertVerificationError: [SSL: CERTIFICATE_VERIFY_FAILED] certificate verify failed: unable to get local issuer certificate (_ssl.c:1056)
2020-12-20 15:48:15 ERROR (MainThread) [homeassistant.core] Error doing job: SSL error in data received
Traceback (most recent call last):
  File "/Library/Frameworks/Python.framework/Versions/3.7/lib/python3.7/asyncio/sslproto.py", line 526, in data_received
    ssldata, appdata = self._sslpipe.feed_ssldata(data)
  File "/Library/Frameworks/Python.framework/Versions/3.7/lib/python3.7/asyncio/sslproto.py", line 189, in feed_ssldata
    self._sslobj.do_handshake()
  File "/Library/Frameworks/Python.framework/Versions/3.7/lib/python3.7/ssl.py", line 763, in do_handshake
    self._sslobj.do_handshake()
ssl.SSLCertVerificationError: [SSL: CERTIFICATE_VERIFY_FAILED] certificate verify failed: unable to get local issuer certificate (_ssl.c:1056)
2020-12-20 15:48:15 ERROR (MainThread) [homeassistant.core] Error doing job: SSL handshake failed on verifying the certificate
Traceback (most recent call last):
  File "/Library/Frameworks/Python.framework/Versions/3.7/lib/python3.7/asyncio/sslproto.py", line 625, in _on_handshake_complete
    raise handshake_exc
  File "/Library/Frameworks/Python.framework/Versions/3.7/lib/python3.7/asyncio/sslproto.py", line 189, in feed_ssldata
    self._sslobj.do_handshake()
  File "/Library/Frameworks/Python.framework/Versions/3.7/lib/python3.7/ssl.py", line 763, in do_handshake
    self._sslobj.do_handshake()
ssl.SSLCertVerificationError: [SSL: CERTIFICATE_VERIFY_FAILED] certificate verify failed: unable to get local issuer certificate (_ssl.c:1056)
2020-12-20 15:48:15 ERROR (MainThread) [homeassistant.core] Error doing job: SSL error in data received
Traceback (most recent call last):
  File "/Library/Frameworks/Python.framework/Versions/3.7/lib/python3.7/asyncio/sslproto.py", line 526, in data_received
    ssldata, appdata = self._sslpipe.feed_ssldata(data)
  File "/Library/Frameworks/Python.framework/Versions/3.7/lib/python3.7/asyncio/sslproto.py", line 189, in feed_ssldata
    self._sslobj.do_handshake()
  File "/Library/Frameworks/Python.framework/Versions/3.7/lib/python3.7/ssl.py", line 763, in do_handshake
    self._sslobj.do_handshake()
ssl.SSLCertVerificationError: [SSL: CERTIFICATE_VERIFY_FAILED] certificate verify failed: unable to get local issuer certificate (_ssl.c:1056)
2020-12-20 15:48:15 ERROR (MainThread) [homeassistant.core] Error doing job: SSL handshake failed on verifying the certificate
Traceback (most recent call last):
  File "/Library/Frameworks/Python.framework/Versions/3.7/lib/python3.7/asyncio/sslproto.py", line 625, in _on_handshake_complete
    raise handshake_exc
  File "/Library/Frameworks/Python.framework/Versions/3.7/lib/python3.7/asyncio/sslproto.py", line 189, in feed_ssldata
    self._sslobj.do_handshake()
  File "/Library/Frameworks/Python.framework/Versions/3.7/lib/python3.7/ssl.py", line 763, in do_handshake
    self._sslobj.do_handshake()
ssl.SSLCertVerificationError: [SSL: CERTIFICATE_VERIFY_FAILED] certificate verify failed: unable to get local issuer certificate (_ssl.c:1056)
2020-12-20 15:48:15 ERROR (MainThread) [homeassistant.core] Error doing job: SSL error in data received
Traceback (most recent call last):
  File "/Library/Frameworks/Python.framework/Versions/3.7/lib/python3.7/asyncio/sslproto.py", line 526, in data_received
    ssldata, appdata = self._sslpipe.feed_ssldata(data)
  File "/Library/Frameworks/Python.framework/Versions/3.7/lib/python3.7/asyncio/sslproto.py", line 189, in feed_ssldata
    self._sslobj.do_handshake()
  File "/Library/Frameworks/Python.framework/Versions/3.7/lib/python3.7/ssl.py", line 763, in do_handshake
    self._sslobj.do_handshake()
ssl.SSLCertVerificationError: [SSL: CERTIFICATE_VERIFY_FAILED] certificate verify failed: unable to get local issuer certificate (_ssl.c:1056)
2020-12-20 15:48:15 ERROR (MainThread) [homeassistant.core] Error doing job: SSL handshake failed on verifying the certificate
Traceback (most recent call last):
  File "/Library/Frameworks/Python.framework/Versions/3.7/lib/python3.7/asyncio/sslproto.py", line 625, in _on_handshake_complete
    raise handshake_exc
  File "/Library/Frameworks/Python.framework/Versions/3.7/lib/python3.7/asyncio/sslproto.py", line 189, in feed_ssldata
    self._sslobj.do_handshake()
  File "/Library/Frameworks/Python.framework/Versions/3.7/lib/python3.7/ssl.py", line 763, in do_handshake
    self._sslobj.do_handshake()
ssl.SSLCertVerificationError: [SSL: CERTIFICATE_VERIFY_FAILED] certificate verify failed: unable to get local issuer certificate (_ssl.c:1056)
2020-12-20 15:48:15 ERROR (MainThread) [homeassistant.core] Error doing job: SSL error in data received
Traceback (most recent call last):
  File "/Library/Frameworks/Python.framework/Versions/3.7/lib/python3.7/asyncio/sslproto.py", line 526, in data_received
    ssldata, appdata = self._sslpipe.feed_ssldata(data)
  File "/Library/Frameworks/Python.framework/Versions/3.7/lib/python3.7/asyncio/sslproto.py", line 189, in feed_ssldata
    self._sslobj.do_handshake()
  File "/Library/Frameworks/Python.framework/Versions/3.7/lib/python3.7/ssl.py", line 763, in do_handshake
    self._sslobj.do_handshake()
ssl.SSLCertVerificationError: [SSL: CERTIFICATE_VERIFY_FAILED] certificate verify failed: unable to get local issuer certificate (_ssl.c:1056)
2020-12-20 15:48:15 ERROR (MainThread) [homeassistant.components.auth.indieauth] SSL error while looking up redirect_uri https://home-assistant.io/android
2020-12-20 15:48:15 WARNING (MainThread) [homeassistant.components.http.ban] Login attempt or request with invalid authentication from 192.168.178.71
2020-12-20 16:08:03 ERROR (MainThread) [homeassistant.components.yr.sensor] Retrying in 17 minutes: https://aa015h6buqvih86i1.api.met.no/weatherapi/locationforecast/1.9/?lat=-45.871439&lon=170.5000008&msl=0 returned 203
2020-12-20 16:25:05 ERROR (MainThread) [homeassistant.components.yr.sensor] Retrying in 16 minutes: https://aa015h6buqvih86i1.api.met.no/weatherapi/locationforecast/1.9/?lat=-45.871439&lon=170.5000008&msl=0 returned 203
2020-12-20 16:41:07 ERROR (MainThread) [homeassistant.components.yr.sensor] Retrying in 18 minutes: https://aa015h6buqvih86i1.api.met.no/weatherapi/locationforecast/1.9/?lat=-45.871439&lon=170.5000008&msl=0 returned 203
2020-12-20 16:58:02 WARNING (Thread-2) [pychromecast.socket_client] [TV:8009] Heartbeat timeout, resetting connection
2020-12-20 16:59:09 ERROR (MainThread) [homeassistant.components.yr.sensor] Retrying in 15 minutes: https://aa015h6buqvih86i1.api.met.no/weatherapi/locationforecast/1.9/?lat=-45.871439&lon=170.5000008&msl=0 returned 203
2020-12-20 17:14:11 ERROR (MainThread) [homeassistant.components.yr.sensor] Retrying in 16 minutes: https://aa015h6buqvih86i1.api.met.no/weatherapi/locationforecast/1.9/?lat=-45.871439&lon=170.5000008&msl=0 returned 203
2020-12-20 17:30:13 ERROR (MainThread) [homeassistant.components.yr.sensor] Retrying in 20 minutes: https://aa015h6buqvih86i1.api.met.no/weatherapi/locationforecast/1.9/?lat=-45.871439&lon=170.5000008&msl=0 returned 203
2020-12-20 17:31:48 WARNING (Thread-2) [pychromecast.socket_client] [TV:8009] Heartbeat timeout, resetting connection
2020-12-20 17:50:15 ERROR (MainThread) [homeassistant.components.yr.sensor] Retrying in 16 minutes: https://aa015h6buqvih86i1.api.met.no/weatherapi/locationforecast/1.9/?lat=-45.871439&lon=170.5000008&msl=0 returned 203
2020-12-20 18:06:17 ERROR (MainThread) [homeassistant.components.yr.sensor] Retrying in 20 minutes: https://aa015h6buqvih86i1.api.met.no/weatherapi/locationforecast/1.9/?lat=-45.871439&lon=170.5000008&msl=0 returned 203
2020-12-20 18:26:19 ERROR (MainThread) [homeassistant.components.yr.sensor] Retrying in 18 minutes: https://aa015h6buqvih86i1.api.met.no/weatherapi/locationforecast/1.9/?lat=-45.871439&lon=170.5000008&msl=0 returned 203
2020-12-20 18:44:21 ERROR (MainThread) [homeassistant.components.yr.sensor] Retrying in 15 minutes: https://aa015h6buqvih86i1.api.met.no/weatherapi/locationforecast/1.9/?lat=-45.871439&lon=170.5000008&msl=0 returned 203
2020-12-20 18:45:33 ERROR (Thread-2) [pychromecast.controllers.media] Exception thrown when calling media status callback
Traceback (most recent call last):
  File "/Users/thomasnicholson25/.homeassistant/deps/lib/python/site-packages/pychromecast/controllers/media.py", line 477, in _fire_status_changed
    listener.new_media_status(self.status)
  File "/Library/Frameworks/Python.framework/Versions/3.7/lib/python3.7/site-packages/homeassistant/components/cast/media_player.py", line 394, in new_media_status
    self._cast_device.new_media_status(media_status)
  File "/Library/Frameworks/Python.framework/Versions/3.7/lib/python3.7/site-packages/homeassistant/components/cast/media_player.py", line 761, in new_media_status
    self.schedule_update_ha_state()
  File "/Library/Frameworks/Python.framework/Versions/3.7/lib/python3.7/site-packages/homeassistant/helpers/entity.py", line 336, in schedule_update_ha_state
    self.hass.add_job(self.async_update_ha_state(force_refresh))
  File "/Library/Frameworks/Python.framework/Versions/3.7/lib/python3.7/site-packages/homeassistant/core.py", line 246, in add_job
    self.loop.call_soon_threadsafe(self.async_add_job, target, *args)
  File "/Library/Frameworks/Python.framework/Versions/3.7/lib/python3.7/asyncio/base_events.py", line 733, in call_soon_threadsafe
    self._check_closed()
  File "/Library/Frameworks/Python.framework/Versions/3.7/lib/python3.7/asyncio/base_events.py", line 480, in _check_closed
    raise RuntimeError('Event loop is closed')
RuntimeError: Event loop is closed
2020-12-20 18:45:33 ERROR (Thread-2) [pychromecast.socket_client] [TV:8009] Exception thrown when calling connection listener
Traceback (most recent call last):
  File "/Users/thomasnicholson25/.homeassistant/deps/lib/python/site-packages/pychromecast/socket_client.py", line 617, in _report_connection_status
    listener.new_connection_status(status)
  File "/Library/Frameworks/Python.framework/Versions/3.7/lib/python3.7/site-packages/homeassistant/components/cast/media_player.py", line 399, in new_connection_status
    self._cast_device.new_connection_status(connection_status)
  File "/Library/Frameworks/Python.framework/Versions/3.7/lib/python3.7/site-packages/homeassistant/components/cast/media_player.py", line 776, in new_connection_status
    self.schedule_update_ha_state()
  File "/Library/Frameworks/Python.framework/Versions/3.7/lib/python3.7/site-packages/homeassistant/helpers/entity.py", line 336, in schedule_update_ha_state
    self.hass.add_job(self.async_update_ha_state(force_refresh))
  File "/Library/Frameworks/Python.framework/Versions/3.7/lib/python3.7/site-packages/homeassistant/core.py", line 246, in add_job
    self.loop.call_soon_threadsafe(self.async_add_job, target, *args)
  File "/Library/Frameworks/Python.framework/Versions/3.7/lib/python3.7/asyncio/base_events.py", line 733, in call_soon_threadsafe
    self._check_closed()
  File "/Library/Frameworks/Python.framework/Versions/3.7/lib/python3.7/asyncio/base_events.py", line 480, in _check_closed
    raise RuntimeError('Event loop is closed')
RuntimeError: Event loop is closed
